----------------------------------------
Timestamp: 31/08/2009 19:27:06
Message: HandlingInstanceID: 838a9cc3-ee1e-43b5-9cf3-a0ebd8597876
An exception of type 'System.ApplicationException' occurred and was caught.
---------------------------------------------------------------------------
08/31/2009 15:27:06
Type : System.ApplicationException, mscorlib, Version=2.0.0.0, Culture=neutral, PublicKeyToken=b77a5c561934e089
Message : Error en la aplicación.
Source : Suru.TrainingKit.BusinessLogic
Help link : 
Data : System.Collections.ListDictionaryInternal
TargetSite : System.Collections.Generic.Dictionary`2[System.String,System.String] GetAvailableExams(System.String)
Stack Trace :    en Suru.TrainingKit.BusinessLogic.ExamConfiguration.GetAvailableExams(String ExamFolder) en D:\Mis Documentos\Visual Studio 2008\Projects\SuruTrainingKit\BusinessLogic\Business.cs:línea 22

Additional Info:

MachineName : 09HW008115
TimeStamp : 31/08/2009 19:27:06
FullName : Microsoft.Practices.EnterpriseLibrary.ExceptionHandling, Version=4.0.0.0, Culture=neutral, PublicKeyToken=31bf3856ad364e35
AppDomainName : Suru.TrainingKit.UI.vshost.exe
ThreadIdentity : 
WindowsIdentity : TCS\frosell

Category: General
Priority: 0
EventId: 100
Severity: Error
Title:Enterprise Library Exception Handling
Machine: 09HW008115
Application Domain: Suru.TrainingKit.UI.vshost.exe
Process Id: 6596
Process Name: D:\Mis Documentos\Visual Studio 2008\Projects\SuruTrainingKit\SuruTrainingKit\bin\Debug\Suru.TrainingKit.UI.vshost.exe
Win32 Thread Id: 2708
Thread Name: 
Extended Properties: 
----------------------------------------
----------------------------------------
Timestamp: 01/09/2009 16:09:55
Message: HandlingInstanceID: b4d8c7cb-3d64-4383-bc93-01ba7263a148
An exception of type 'System.ApplicationException' occurred and was caught.
---------------------------------------------------------------------------
09/01/2009 12:09:54
Type : System.ApplicationException, mscorlib, Version=2.0.0.0, Culture=neutral, PublicKeyToken=b77a5c561934e089
Message : Topic Topic 1is more than once on xml file...
Source : Suru.TrainingKit.BusinessLogic
Help link : 
Data : System.Collections.ListDictionaryInternal
TargetSite : Suru.TrainingKit.Entities.Exam GetExamConfiguration(System.String)
Stack Trace :    en Suru.TrainingKit.BusinessLogic.ExamConfiguration.GetExamConfiguration(String FileName) en D:\Mis Documentos\Visual Studio 2008\Projects\SuruTrainingKit\BusinessLogic\Business.cs:línea 139

Additional Info:

MachineName : 09HW008115
TimeStamp : 01/09/2009 16:09:54
FullName : Microsoft.Practices.EnterpriseLibrary.ExceptionHandling, Version=4.0.0.0, Culture=neutral, PublicKeyToken=31bf3856ad364e35
AppDomainName : Suru.TrainingKit.UI.vshost.exe
ThreadIdentity : 
WindowsIdentity : TCS\frosell

Category: General
Priority: 0
EventId: 100
Severity: Error
Title:Enterprise Library Exception Handling
Machine: 09HW008115
Application Domain: Suru.TrainingKit.UI.vshost.exe
Process Id: 4940
Process Name: D:\Mis Documentos\Visual Studio 2008\Projects\SuruTrainingKit\SuruTrainingKit\bin\Debug\Suru.TrainingKit.UI.vshost.exe
Win32 Thread Id: 5728
Thread Name: 
Extended Properties: 
----------------------------------------
----------------------------------------
Timestamp: 01/09/2009 16:11:41
Message: HandlingInstanceID: 99742d82-05e4-4bee-b250-003dc77b1a02
An exception of type 'System.ApplicationException' occurred and was caught.
---------------------------------------------------------------------------
09/01/2009 12:11:40
Type : System.ApplicationException, mscorlib, Version=2.0.0.0, Culture=neutral, PublicKeyToken=b77a5c561934e089
Message : Topic "Topic 1" is more than once on xml file...
Source : Suru.TrainingKit.BusinessLogic
Help link : 
Data : System.Collections.ListDictionaryInternal
TargetSite : Suru.TrainingKit.Entities.Exam GetExamConfiguration(System.String)
Stack Trace :    en Suru.TrainingKit.BusinessLogic.ExamConfiguration.GetExamConfiguration(String FileName) en D:\Mis Documentos\Visual Studio 2008\Projects\SuruTrainingKit\BusinessLogic\Business.cs:línea 139

Additional Info:

MachineName : 09HW008115
TimeStamp : 01/09/2009 16:11:40
FullName : Microsoft.Practices.EnterpriseLibrary.ExceptionHandling, Version=4.0.0.0, Culture=neutral, PublicKeyToken=31bf3856ad364e35
AppDomainName : Suru.TrainingKit.UI.vshost.exe
ThreadIdentity : 
WindowsIdentity : TCS\frosell

Category: General
Priority: 0
EventId: 100
Severity: Error
Title:Enterprise Library Exception Handling
Machine: 09HW008115
Application Domain: Suru.TrainingKit.UI.vshost.exe
Process Id: 6520
Process Name: D:\Mis Documentos\Visual Studio 2008\Projects\SuruTrainingKit\SuruTrainingKit\bin\Debug\Suru.TrainingKit.UI.vshost.exe
Win32 Thread Id: 9608
Thread Name: 
Extended Properties: 
----------------------------------------
